<?xml version="1.0" encoding="UTF-8"?>
<!-- Generated by org.testng.reporters.JUnitReportReporter -->
<testsuite hostname="User-PC" name="Basic_Post_And_Delete1" tests="1" failures="0" timestamp="23 Feb 2020 16:37:24 GMT" time="3.430" errors="0">
  <testcase name="api_POSTand_DELETE" time="3.430" classname="Basic_Post_And_Delete1"/>
</testsuite> <!-- Basic_Post_And_Delete1 -->
