<?xml version="1.0" encoding="UTF-8"?>
<!-- Generated by org.testng.reporters.JUnitReportReporter -->
<testsuite hostname="User-PC" name="basic_POST_AND_DELETE" tests="1" failures="0" timestamp="15 Oct 2022 15:59:14 GMT" time="3.800" errors="0">
  <testcase name="api_POSTand_DELETE" time="3.800" classname="basic_POST_AND_DELETE"/>
</testsuite> <!-- basic_POST_AND_DELETE -->
