<?xml version="1.0" encoding="UTF-8"?>
<!-- Generated by org.testng.reporters.JUnitReportReporter -->
<testsuite hostname="User-PC" name="basic_API" tests="1" failures="0" timestamp="18 Jul 2023 14:42:31 GMT" time="3.850" errors="0">
  <testcase name="api_POSTand_DELETE" time="3.850" classname="basic_API"/>
</testsuite> <!-- basic_API -->
