<?xml version="1.0" encoding="UTF-8"?>
<!-- Generated by org.testng.reporters.JUnitReportReporter -->
<testsuite hostname="User-PC" name="SumValidation" tests="1" failures="0" timestamp="17 Jan 2023 03:53:37 GMT" time="1.722" errors="0">
  <testcase name="sumofCoursesn" time="1.722" classname="SumValidation"/>
</testsuite> <!-- SumValidation -->
